 Using terminal input parameters 
 Selected bkg method: 2
 Selected sfgd method: 4
 Selected people detector method:3
 Selected static object classifier method: 1
 Input video dir: ./datasets/PETS2006_S1/PETS2006_S1_C1.mpeg
 Output dir: ./results/config2431_20_1_1/Category_medium/

 Time (seconds) to static: 20
 Show results: 0
 Save results (images): 0
 Save results (xml): 1
 - Results will be saved in (XML): ./results/config2431_20_1_1/Category_medium/PETS2006_S1_C1_2_4_3_1_2018-02-21.22-35.xml
 - Results will be saved in (Time): ./results/config2431_20_1_1/Category_medium/PETS2006_S1_C1_2_4_3_1_2018-02-21.22-35.time
Video successfully opened30 fps. Size: 720 x 576
BGSselector(): BGS_PAWCS selected
PAWCS()
BGSselector(): BGS_PAWCS method initialized.
SFDGselector():  selected time2static=20secs framerate=30fps
PDselector(): PD_ACF selected
PDSelector(): SOC_HGR selected
Saving results and execution times.
Init viper file
Viper log file created
Settings file created
