 Using terminal input parameters 
 Selected bkg method: 2
 Selected sfgd method: 4
 Selected people detector method:3
 Selected static object classifier method: 1
 Input video dir: ./datasets/PETS2006_S4/PETS2006_S4_C3.avi
 Output dir: ./results/config2431_10_1_1/Category_medium/

 Time (seconds) to static: 10
 Show results: 0
 Save results (images): 0
 Save results (xml): 1
 - Results will be saved in (XML): ./results/config2431_10_1_1/Category_medium/PETS2006_S4_C3_2_4_3_1_2018-02-22.00-01.xml
 - Results will be saved in (Time): ./results/config2431_10_1_1/Category_medium/PETS2006_S4_C3_2_4_3_1_2018-02-22.00-01.time
Video successfully opened29.97 fps. Size: 720 x 576
BGSselector(): BGS_PAWCS selected
PAWCS()
BGSselector(): BGS_PAWCS method initialized.
SFDGselector():  selected time2static=10secs framerate=29.97fps
PDselector(): PD_ACF selected
PDSelector(): SOC_HGR selected
Saving results and execution times.
Init viper file
Viper log file created
Settings file created
