Time (seconds) to static: 10
Selectec bkg method: 2
Selected sfgd method: 1
Selcted classifier method: 1
Selected people detector method:3
Input video dir: ./datasets/CAVIAR/LeftBag_AtChair.mpeg
Results will be saved in ./results/config2113/Category_hard/LeftBag_AtChair_2_1_1_3_2017-10-29.11-29.xml
Video successfully opened
30 fps. Size: 384 x 288
Frame 1
BkgSubtractionSelector()
Method: 2
PAWCS Method selected.
PAWCS()
SFGDSelector()
~BkgSubtractionSelector()
MyPEDESTRIANDETECTORSelector()
ClassifierSelector()
HIGH GRAD
Saving results and execution times.
Init viper file
	Current event List (0 events) (past 0)
Frame 2
	Current event List (0 events) (past 0)
Frame 3
	Current event List (0 events) (past 0)
Frame 4
	Current event List (0 events) (past 0)
Frame 5
	Current event List (0 events) (past 0)
Frame 6
	Current event List (0 events) (past 0)
Frame 7
	Current event List (0 events) (past 0)
Frame 8
	Current event List (0 events) (past 0)
Frame 9
	Current event List (0 events) (past 0)
Frame 10
	Current event List (0 events) (past 0)
Frame 11
	Current event List (0 events) (past 0)
Frame 12
	Current event List (0 events) (past 0)
Frame 13
	Current event List (0 events) (past 0)
Frame 14
	Current event List (0 events) (past 0)
Frame 15
	Current event List (0 events) (past 0)
Frame 16
	Current event List (0 events) (past 0)
Frame 17
	Current event List (0 events) (past 0)
Frame 18
	Current event List (0 events) (past 0)
Frame 19
	Current event List (0 events) (past 0)
Frame 20
	Current event List (0 events) (past 0)
Frame 21
	Current event List (0 events) (past 0)
Frame 22
	Current event List (0 events) (past 0)
Frame 23
	Current event List (0 events) (past 0)
Frame 24
	Current event List (0 events) (past 0)
Frame 25
	Current event List (0 events) (past 0)
Frame 26
	Current event List (0 events) (past 0)
Frame 27
	Current event List (0 events) (past 0)
Frame 28
	Current event List (0 events) (past 0)
Frame 29
	Current event List (0 events) (past 0)
Frame 30
	Current event List (0 events) (past 0)
Frame 31
	Current event List (0 events) (past 0)
Frame 32
	Current event List (0 events) (past 0)
Frame 33
	Current event List (0 events) (past 0)
Frame 34
	Current event List (0 events) (past 0)
Frame 35
	Current event List (0 events) (past 0)
Frame 36
	Current event List (0 events) (past 0)
Frame 37
	Current event List (0 events) (past 0)
Frame 38
	Current event List (0 events) (past 0)
Frame 39
	Current event List (0 events) (past 0)
Frame 40
	Current event List (0 events) (past 0)
Frame 41
	Current event List (0 events) (past 0)
Frame 42
	Current event List (0 events) (past 0)
Frame 43
	Current event List (0 events) (past 0)
Frame 44
	Current event List (0 events) (past 0)
Frame 45
	Current event List (0 events) (past 0)
Frame 46
	Current event List (0 events) (past 0)
Frame 47
	Current event List (0 events) (past 0)
Frame 48
	Current event List (0 events) (past 0)
Frame 49
	Current event List (0 events) (past 0)
Frame 50
	Current event List (0 events) (past 0)
Frame 51
	Current event List (0 events) (past 0)
Frame 52
	Current event List (0 events) (past 0)
Frame 53
	Current event List (0 events) (past 0)
Frame 54
	Current event List (0 events) (past 0)
Frame 55
	Current event List (0 events) (past 0)
Frame 56
	Current event List (0 events) (past 0)
Frame 57
	Current event List (0 events) (past 0)
Frame 58
	Current event List (0 events) (past 0)
Frame 59
	Current event List (0 events) (past 0)
Frame 60
	Current event List (0 events) (past 0)
Frame 61
	Current event List (0 events) (past 0)
Frame 62
	Current event List (0 events) (past 0)
Frame 63
	Current event List (0 events) (past 0)
Frame 64
	Current event List (0 events) (past 0)
Frame 65
	Current event List (0 events) (past 0)
Frame 66
	Current event List (0 events) (past 0)
Frame 67
	Current event List (0 events) (past 0)
Frame 68
	Current event List (0 events) (past 0)
Frame 69
	Current event List (0 events) (past 0)
Frame 70
	Current event List (0 events) (past 0)
Frame 71
	Current event List (0 events) (past 0)
Frame 72
	Current event List (0 events) (past 0)
Frame 73
	Current event List (0 events) (past 0)
Frame 74
	Current event List (0 events) (past 0)
Frame 75
	Current event List (0 events) (past 0)
Frame 76
	Current event List (0 events) (past 0)
Frame 77
	Current event List (0 events) (past 0)
Frame 78
	Current event List (0 events) (past 0)
Frame 79
	Current event List (0 events) (past 0)
Frame 80
	Current event List (0 events) (past 0)
Frame 81
	Current event List (0 events) (past 0)
Frame 82
	Current event List (0 events) (past 0)
Frame 83
	Current event List (0 events) (past 0)
Frame 84
	Current event List (0 events) (past 0)
Frame 85
	Current event List (0 events) (past 0)
Frame 86
	Current event List (0 events) (past 0)
Frame 87
	Current event List (0 events) (past 0)
Frame 88
	Current event List (0 events) (past 0)
Frame 89
	Current event List (0 events) (past 0)
Frame 90
	Current event List (0 events) (past 0)
Frame 91
	Current event List (0 events) (past 0)
Frame 92
	Current event List (0 events) (past 0)
Frame 93
	Current event List (0 events) (past 0)
Frame 94
	Current event List (0 events) (past 0)
Frame 95
	Current event List (0 events) (past 0)
Frame 96
	Current event List (0 events) (past 0)
Frame 97
	Current event List (0 events) (past 0)
Frame 98
	Current event List (0 events) (past 0)
Frame 99
	Current event List (0 events) (past 0)
Frame 100
	Current event List (0 events) (past 0)
Frame 101
	Current event List (0 events) (past 0)
Frame 102
	Current event List (0 events) (past 0)
Frame 103
	Current event List (0 events) (past 0)
Frame 104
	Current event List (0 events) (past 0)
Frame 105
	Current event List (0 events) (past 0)
Frame 106
	Current event List (0 events) (past 0)
Frame 107
	Current event List (0 events) (past 0)
Frame 108
	Current event List (0 events) (past 0)
Frame 109
	Current event List (0 events) (past 0)
Frame 110
	Current event List (0 events) (past 0)
Frame 111
	Current event List (0 events) (past 0)
Frame 112
	Current event List (0 events) (past 0)
Frame 113
	Current event List (0 events) (past 0)
Frame 114
	Current event List (0 events) (past 0)
Frame 115
	Current event List (0 events) (past 0)
Frame 116
	Current event List (0 events) (past 0)
Frame 117
	Current event List (0 events) (past 0)
Frame 118
	Current event List (0 events) (past 0)
Frame 119
	Current event List (0 events) (past 0)
Frame 120
	Current event List (0 events) (past 0)
Frame 121
	Current event List (0 events) (past 0)
Frame 122
	Current event List (0 events) (past 0)
Frame 123
	Current event List (0 events) (past 0)
Frame 124
	Current event List (0 events) (past 0)
Frame 125
	Current event List (0 events) (past 0)
Frame 126
	Current event List (0 events) (past 0)
Frame 127
	Current event List (0 events) (past 0)
Frame 128
	Current event List (0 events) (past 0)
Frame 129
	Current event List (0 events) (past 0)
Frame 130
	Current event List (0 events) (past 0)
Frame 131
	Current event List (0 events) (past 0)
Frame 132
	Current event List (0 events) (past 0)
Frame 133
	Current event List (0 events) (past 0)
Frame 134
	Current event List (0 events) (past 0)
Frame 135
	Current event List (0 events) (past 0)
Frame 136
	Current event List (0 events) (past 0)
Frame 137
	Current event List (0 events) (past 0)
Frame 138
	Current event List (0 events) (past 0)
Frame 139
	Current event List (0 events) (past 0)
Frame 140
	Current event List (0 events) (past 0)
Frame 141
	Current event List (0 events) (past 0)
Frame 142
	Current event List (0 events) (past 0)
Frame 143
	Current event List (0 events) (past 0)
Frame 144
	Current event List (0 events) (past 0)
Frame 145
	Current event List (0 events) (past 0)
Frame 146
	Current event List (0 events) (past 0)
Frame 147
	Current event List (0 events) (past 0)
Frame 148
	Current event List (0 events) (past 0)
Frame 149
	Current event List (0 events) (past 0)
Frame 150
	Current event List (0 events) (past 0)
Frame 151
	Current event List (0 events) (past 0)
Frame 152
	Current event List (0 events) (past 0)
Frame 153
	Current event List (0 events) (past 0)
Frame 154
	Current event List (0 events) (past 0)
Frame 155
	Current event List (0 events) (past 0)
Frame 156
	Current event List (0 events) (past 0)
Frame 157
	Current event List (0 events) (past 0)
Frame 158
	Current event List (0 events) (past 0)
Frame 159
	Current event List (0 events) (past 0)
Frame 160
	Current event List (0 events) (past 0)
Frame 161
	Current event List (0 events) (past 0)
Frame 162
	Current event List (0 events) (past 0)
Frame 163
	Current event List (0 events) (past 0)
Frame 164
	Current event List (0 events) (past 0)
Frame 165
	Current event List (0 events) (past 0)
Frame 166
	Current event List (0 events) (past 0)
Frame 167
	Current event List (0 events) (past 0)
Frame 168
	Current event List (0 events) (past 0)
Frame 169
	Current event List (0 events) (past 0)
Frame 170
	Current event List (0 events) (past 0)
Frame 171
	Current event List (0 events) (past 0)
Frame 172
	Current event List (0 events) (past 0)
Frame 173
	Current event List (0 events) (past 0)
Frame 174
	Current event List (0 events) (past 0)
Frame 175
	Current event List (0 events) (past 0)
Frame 176
	Current event List (0 events) (past 0)
Frame 177
	Current event List (0 events) (past 0)
Frame 178
	Current event List (0 events) (past 0)
Frame 179
	Current event List (0 events) (past 0)
Frame 180
	Current event List (0 events) (past 0)
Frame 181
	Current event List (0 events) (past 0)
Frame 182
	Current event List (0 events) (past 0)
Frame 183
	Current event List (0 events) (past 0)
Frame 184
	Current event List (0 events) (past 0)
Frame 185
	Current event List (0 events) (past 0)
Frame 186
	Current event List (0 events) (past 0)
Frame 187
	Current event List (0 events) (past 0)
Frame 188
	Current event List (0 events) (past 0)
Frame 189
	Current event List (0 events) (past 0)
Frame 190
	Current event List (0 events) (past 0)
Frame 191
	Current event List (0 events) (past 0)
Frame 192
	Current event List (0 events) (past 0)
Frame 193
	Current event List (0 events) (past 0)
Frame 194
	Current event List (0 events) (past 0)
Frame 195
	Current event List (0 events) (past 0)
Frame 196
	Current event List (0 events) (past 0)
Frame 197
	Current event List (0 events) (past 0)
Frame 198
	Current event List (0 events) (past 0)
Frame 199
	Current event List (0 events) (past 0)
Frame 200
	Current event List (0 events) (past 0)
Frame 201
	Current event List (0 events) (past 0)
Frame 202
	Current event List (0 events) (past 0)
Frame 203
	Current event List (0 events) (past 0)
Frame 204
	Current event List (0 events) (past 0)
Frame 205
	Current event List (0 events) (past 0)
Frame 206
	Current event List (0 events) (past 0)
Frame 207
	Current event List (0 events) (past 0)
Frame 208
	Current event List (0 events) (past 0)
Frame 209
	Current event List (0 events) (past 0)
Frame 210
	Current event List (0 events) (past 0)
Frame 211
	Current event List (0 events) (past 0)
Frame 212
	Current event List (0 events) (past 0)
Frame 213
	Current event List (0 events) (past 0)
Frame 214
	Current event List (0 events) (past 0)
Frame 215
	Current event List (0 events) (past 0)
Frame 216
	Current event List (0 events) (past 0)
Frame 217
	Current event List (0 events) (past 0)
Frame 218
	Current event List (0 events) (past 0)
Frame 219
	Current event List (0 events) (past 0)
Frame 220
	Current event List (0 events) (past 0)
Frame 221
	Current event List (0 events) (past 0)
Frame 222
	Current event List (0 events) (past 0)
Frame 223
	Current event List (0 events) (past 0)
Frame 224
	Current event List (0 events) (past 0)
Frame 225
	Current event List (0 events) (past 0)
Frame 226
	Current event List (0 events) (past 0)
Frame 227
	Current event List (0 events) (past 0)
Frame 228
	Current event List (0 events) (past 0)
Frame 229
	Current event List (0 events) (past 0)
Frame 230
	Current event List (0 events) (past 0)
Frame 231
	Current event List (0 events) (past 0)
Frame 232
	Current event List (0 events) (past 0)
Frame 233
	Current event List (0 events) (past 0)
Frame 234
	Current event List (0 events) (past 0)
Frame 235
	Current event List (0 events) (past 0)
Frame 236
	Current event List (0 events) (past 0)
Frame 237
	Current event List (0 events) (past 0)
Frame 238
	Current event List (0 events) (past 0)
Frame 239
	Current event List (0 events) (past 0)
Frame 240
	Current event List (0 events) (past 0)
Frame 241
	Current event List (0 events) (past 0)
Frame 242
	Current event List (0 events) (past 0)
Frame 243
	Current event List (0 events) (past 0)
Frame 244
	Current event List (0 events) (past 0)
Frame 245
	Current event List (0 events) (past 0)
Frame 246
	Current event List (0 events) (past 0)
Frame 247
	Current event List (0 events) (past 0)
Frame 248
	Current event List (0 events) (past 0)
Frame 249
	Current event List (0 events) (past 0)
Frame 250
	Current event List (0 events) (past 0)
Frame 251
	Current event List (0 events) (past 0)
Frame 252
	Current event List (0 events) (past 0)
Frame 253
	Current event List (0 events) (past 0)
Frame 254
	Current event List (0 events) (past 0)
Frame 255
	Current event List (0 events) (past 0)
Frame 256
	Current event List (0 events) (past 0)
Frame 257
	Current event List (0 events) (past 0)
Frame 258
	Current event List (0 events) (past 0)
Frame 259
	Current event List (0 events) (past 0)
Frame 260
	Current event List (0 events) (past 0)
Frame 261
	Current event List (0 events) (past 0)
Frame 262
	Current event List (0 events) (past 0)
Frame 263
	Current event List (0 events) (past 0)
Frame 264
	Current event List (0 events) (past 0)
Frame 265
	Current event List (0 events) (past 0)
Frame 266
	Current event List (0 events) (past 0)
Frame 267
	Current event List (0 events) (past 0)
Frame 268
	Current event List (0 events) (past 0)
Frame 269
	Current event List (0 events) (past 0)
Frame 270
	Current event List (0 events) (past 0)
Frame 271
	Current event List (0 events) (past 0)
Frame 272
	Current event List (0 events) (past 0)
Frame 273
	Current event List (0 events) (past 0)
Frame 274
	Current event List (0 events) (past 0)
Frame 275
	Current event List (0 events) (past 0)
Frame 276
	Current event List (0 events) (past 0)
Frame 277
	Current event List (0 events) (past 0)
Frame 278
	Current event List (0 events) (past 0)
Frame 279
	Current event List (0 events) (past 0)
Frame 280
	Current event List (0 events) (past 0)
Frame 281
	Current event List (0 events) (past 0)
Frame 282
	Current event List (0 events) (past 0)
Frame 283
	Current event List (0 events) (past 0)
Frame 284
	Current event List (0 events) (past 0)
Frame 285
	Current event List (0 events) (past 0)
Frame 286
	Current event List (0 events) (past 0)
Frame 287
	Current event List (0 events) (past 0)
Frame 288
	Current event List (0 events) (past 0)
Frame 289
	Current event List (0 events) (past 0)
Frame 290
	Current event List (0 events) (past 0)
Frame 291
	Current event List (0 events) (past 0)
Frame 292
	Current event List (0 events) (past 0)
Frame 293
	Current event List (0 events) (past 0)
Frame 294
	Current event List (0 events) (past 0)
Frame 295
	Current event List (0 events) (past 0)
Frame 296
	Current event List (0 events) (past 0)
Frame 297
	Current event List (0 events) (past 0)
Frame 298
	Current event List (0 events) (past 0)
Frame 299
	Current event List (0 events) (past 0)
Frame 300
	Current event List (0 events) (past 0)
Frame 301
	Current event List (0 events) (past 0)
Frame 302
	Current event List (0 events) (past 0)
Frame 303
	Current event List (0 events) (past 0)
Frame 304
	Current event List (0 events) (past 0)
Frame 305
	Current event List (0 events) (past 0)
Frame 306
	Current event List (0 events) (past 0)
Frame 307
	Current event List (0 events) (past 0)
Frame 308
	Current event List (0 events) (past 0)
Frame 309
	Current event List (0 events) (past 0)
Frame 310
	Current event List (0 events) (past 0)
Frame 311
	Current event List (0 events) (past 0)
Frame 312
	Current event List (0 events) (past 0)
Frame 313
	Current event List (0 events) (past 0)
Frame 314
	Current event List (0 events) (past 0)
Frame 315
	Current event List (0 events) (past 0)
Frame 316
	Current event List (0 events) (past 0)
Frame 317
	Current event List (0 events) (past 0)
Frame 318
	Current event List (0 events) (past 0)
Frame 319
	Current event List (0 events) (past 0)
Frame 320
	Current event List (0 events) (past 0)
Frame 321
	Current event List (0 events) (past 0)
Frame 322
	Current event List (0 events) (past 0)
Frame 323
	Current event List (0 events) (past 0)
Frame 324
	Current event List (0 events) (past 0)
Frame 325
	Current event List (0 events) (past 0)
Frame 326
	Current event List (0 events) (past 0)
Frame 327
	Current event List (0 events) (past 0)
Frame 328
	Current event List (0 events) (past 0)
Frame 329
	Current event List (0 events) (past 0)
Frame 330
	Current event List (0 events) (past 0)
Frame 331
	Current event List (0 events) (past 0)
Frame 332
	Current event List (0 events) (past 0)
Frame 333
	Current event List (0 events) (past 0)
Frame 334
	Current event List (0 events) (past 0)
Frame 335
	Current event List (0 events) (past 0)
Frame 336
	Current event List (0 events) (past 0)
Frame 337
	Current event List (0 events) (past 0)
Frame 338
	Current event List (0 events) (past 0)
Frame 339
	Current event List (0 events) (past 0)
Frame 340
	Current event List (0 events) (past 0)
Frame 341
	Current event List (0 events) (past 0)
Frame 342
	Current event List (0 events) (past 0)
Frame 343
	Current event List (0 events) (past 0)
Frame 344
	Current event List (0 events) (past 0)
Frame 345
	Current event List (0 events) (past 0)
Frame 346
	Current event List (0 events) (past 0)
Frame 347
	Current event List (0 events) (past 0)
Frame 348
	Current event List (0 events) (past 0)
Frame 349
	Current event List (0 events) (past 0)
Frame 350
	Current event List (0 events) (past 0)
Frame 351
	Current event List (0 events) (past 0)
Frame 352
	Current event List (0 events) (past 0)
Frame 353
	Current event List (0 events) (past 0)
Frame 354
	Current event List (0 events) (past 0)
Frame 355
	Current event List (0 events) (past 0)
Frame 356
	Current event List (0 events) (past 0)
Frame 357
	Current event List (0 events) (past 0)
Frame 358
	Current event List (0 events) (past 0)
Frame 359
	Current event List (0 events) (past 0)
Frame 360
	Current event List (0 events) (past 0)
Frame 361
	Current event List (0 events) (past 0)
Frame 362
	Current event List (0 events) (past 0)
Frame 363
	Current event List (0 events) (past 0)
Frame 364
	Current event List (0 events) (past 0)
Frame 365
	Current event List (0 events) (past 0)
Frame 366
	Current event List (0 events) (past 0)
Frame 367
	Current event List (0 events) (past 0)
Frame 368
	Current event List (0 events) (past 0)
Frame 369
	Current event List (0 events) (past 0)
Frame 370
	Current event List (0 events) (past 0)
Frame 371
	Current event List (0 events) (past 0)
Frame 372
	Current event List (0 events) (past 0)
Frame 373
	Current event List (0 events) (past 0)
Frame 374
	Current event List (0 events) (past 0)
Frame 375
	Current event List (0 events) (past 0)
Frame 376
	Current event List (0 events) (past 0)
Frame 377
	Current event List (0 events) (past 0)
Frame 378
	Current event List (0 events) (past 0)
Frame 379
	Current event List (0 events) (past 0)
Frame 380
	Current event List (0 events) (past 0)
Frame 381
	Current event List (0 events) (past 0)
Frame 382
	Current event List (0 events) (past 0)
Frame 383
	Current event List (0 events) (past 0)
Frame 384
	Current event List (0 events) (past 0)
Frame 385
	Current event List (0 events) (past 0)
Frame 386
	Current event List (0 events) (past 0)
Frame 387
	Current event List (0 events) (past 0)
Frame 388
	Current event List (0 events) (past 0)
Frame 389
	Current event List (0 events) (past 0)
Frame 390
	Current event List (0 events) (past 0)
Frame 391
	Current event List (0 events) (past 0)
Frame 392
	Current event List (0 events) (past 0)
Frame 393
	Current event List (0 events) (past 0)
Frame 394
	Current event List (0 events) (past 0)
Frame 395
	Current event List (0 events) (past 0)
Frame 396
	Current event List (0 events) (past 0)
Frame 397
	Current event List (0 events) (past 0)
Frame 398
	Current event List (0 events) (past 0)
Frame 399
	Current event List (0 events) (past 0)
Frame 400
	Current event List (0 events) (past 0)
Frame 401
	Current event List (0 events) (past 0)
Frame 402
	Current event List (0 events) (past 0)
Frame 403
	Current event List (0 events) (past 0)
Frame 404
	Current event List (0 events) (past 0)
Frame 405
	Current event List (0 events) (past 0)
Frame 406
	Current event List (0 events) (past 0)
Frame 407
	Current event List (0 events) (past 0)
Frame 408
	Current event List (0 events) (past 0)
Frame 409
	Current event List (0 events) (past 0)
Frame 410
	Current event List (0 events) (past 0)
Frame 411
	Current event List (0 events) (past 0)
Frame 412
	Current event List (0 events) (past 0)
Frame 413
	Current event List (0 events) (past 0)
Frame 414
	Current event List (0 events) (past 0)
Frame 415
	Current event List (0 events) (past 0)
Frame 416
	Current event List (0 events) (past 0)
Frame 417
	Current event List (0 events) (past 0)
Frame 418
	Current event List (0 events) (past 0)
Frame 419
	Current event List (0 events) (past 0)
Frame 420
	Current event List (0 events) (past 0)
Frame 421
	Current event List (0 events) (past 0)
Frame 422
	Current event List (0 events) (past 0)
Frame 423
	Current event List (0 events) (past 0)
Frame 424
	Current event List (0 events) (past 0)
Frame 425
	Current event List (0 events) (past 0)
Frame 426
	Current event List (0 events) (past 0)
Frame 427
	Current event List (0 events) (past 0)
Frame 428
	Current event List (0 events) (past 0)
Frame 429
	Current event List (0 events) (past 0)
Frame 430
	Current event List (0 events) (past 0)
Frame 431
	Current event List (0 events) (past 0)
Frame 432
	Current event List (0 events) (past 0)
Frame 433
	Current event List (0 events) (past 0)
Frame 434
	Current event List (0 events) (past 0)
Frame 435
	Current event List (0 events) (past 0)
Frame 436
	Current event List (0 events) (past 0)
Frame 437
	Current event List (0 events) (past 0)
Frame 438
	Current event List (0 events) (past 0)
Frame 439
	Current event List (0 events) (past 0)
Frame 440
	Current event List (0 events) (past 0)
Frame 441
	Current event List (0 events) (past 0)
Frame 442
	Current event List (0 events) (past 0)
Frame 443
	Current event List (0 events) (past 0)
Frame 444
	Current event List (0 events) (past 0)
Frame 445
	Current event List (0 events) (past 0)
Frame 446
	Current event List (0 events) (past 0)
Frame 447
	Current event List (0 events) (past 0)
Frame 448
	Current event List (0 events) (past 0)
Frame 449
	Current event List (0 events) (past 0)
Frame 450
	Current event List (0 events) (past 0)
Frame 451
	Current event List (0 events) (past 0)
Frame 452
	Current event List (0 events) (past 0)
Frame 453
	Current event List (0 events) (past 0)
Frame 454
	Current event List (0 events) (past 0)
Frame 455
	Current event List (0 events) (past 0)
Frame 456
	Current event List (0 events) (past 0)
Frame 457
	Current event List (0 events) (past 0)
Frame 458
	Current event List (0 events) (past 0)
Frame 459
	Current event List (0 events) (past 0)
Frame 460
	Current event List (0 events) (past 0)
Frame 461
	Current event List (0 events) (past 0)
Frame 462
	Current event List (0 events) (past 0)
Frame 463
	Current event List (0 events) (past 0)
Frame 464
	Current event List (0 events) (past 0)
Frame 465
	Current event List (0 events) (past 0)
Frame 466
	Current event List (0 events) (past 0)
Frame 467
	Current event List (0 events) (past 0)
Frame 468
	Current event List (0 events) (past 0)
Frame 469
	Current event List (0 events) (past 0)
Frame 470
	Current event List (0 events) (past 0)
Frame 471
	Current event List (0 events) (past 0)
Frame 472
	Current event List (0 events) (past 0)
Frame 473
	Current event List (0 events) (past 0)
Frame 474
	Current event List (0 events) (past 0)
Frame 475
	Current event List (0 events) (past 0)
Frame 476
	Current event List (0 events) (past 0)
Frame 477
	Current event List (0 events) (past 0)
Frame 478
	Current event List (0 events) (past 0)
Frame 479
	Current event List (0 events) (past 0)
Frame 480
	Current event List (0 events) (past 0)
Frame 481
	Current event List (0 events) (past 0)
Frame 482
	Current event List (0 events) (past 0)
Frame 483
	Current event List (0 events) (past 0)
Frame 484
	Current event List (0 events) (past 0)
Frame 485
	Current event List (0 events) (past 0)
Frame 486
	Current event List (0 events) (past 0)
Frame 487
	Current event List (0 events) (past 0)
Frame 488
	Current event List (0 events) (past 0)
Frame 489
	Current event List (0 events) (past 0)
Frame 490
	Current event List (0 events) (past 0)
Frame 491
	Current event List (0 events) (past 0)
Frame 492
	Current event List (0 events) (past 0)
Frame 493
	Current event List (0 events) (past 0)
Frame 494
	Current event List (0 events) (past 0)
Frame 495
	Current event List (0 events) (past 0)
Frame 496
	Current event List (0 events) (past 0)
Frame 497
	Current event List (0 events) (past 0)
Frame 498
	Current event List (0 events) (past 0)
Frame 499
	Current event List (0 events) (past 0)
Frame 500
	Current event List (0 events) (past 0)
Frame 501
	Current event List (0 events) (past 0)
Frame 502
	Current event List (0 events) (past 0)
Frame 503
	Current event List (0 events) (past 0)
Frame 504
	Current event List (0 events) (past 0)
Frame 505
	Current event List (0 events) (past 0)
Frame 506
	Current event List (0 events) (past 0)
Frame 507
	Current event List (0 events) (past 0)
Frame 508
	Current event List (0 events) (past 0)
Frame 509
	Current event List (0 events) (past 0)
Frame 510
	Current event List (0 events) (past 0)
Frame 511
	Current event List (0 events) (past 0)
Frame 512
	Current event List (0 events) (past 0)
Frame 513
	Current event List (0 events) (past 0)
Frame 514
	Current event List (0 events) (past 0)
Frame 515
	Current event List (0 events) (past 0)
Frame 516
	Current event List (0 events) (past 0)
Frame 517
	Current event List (0 events) (past 0)
Frame 518
	Current event List (0 events) (past 0)
Frame 519
	Current event List (0 events) (past 0)
Frame 520
	Current event List (0 events) (past 0)
Frame 521
	Current event List (0 events) (past 0)
Frame 522
	Current event List (0 events) (past 0)
Frame 523
	Current event List (0 events) (past 0)
Frame 524
	Current event List (0 events) (past 0)
Frame 525
	Current event List (0 events) (past 0)
Frame 526
	Current event List (0 events) (past 0)
Frame 527
	Current event List (0 events) (past 0)
Frame 528
	Current event List (0 events) (past 0)
Frame 529
	Current event List (0 events) (past 0)
Frame 530
	Current event List (0 events) (past 0)
Frame 531
	Current event List (0 events) (past 0)
Frame 532
	Current event List (0 events) (past 0)
Frame 533
	Current event List (0 events) (past 0)
Frame 534
	Current event List (0 events) (past 0)
Frame 535
	Current event List (0 events) (past 0)
Frame 536
	Current event List (0 events) (past 0)
Frame 537
	Current event List (0 events) (past 0)
Frame 538
	Current event List (0 events) (past 0)
Frame 539
	Current event List (0 events) (past 0)
Frame 540
	Current event List (0 events) (past 0)
Frame 541
	Current event List (0 events) (past 0)
Frame 542
	Current event List (0 events) (past 0)
Frame 543
	Current event List (0 events) (past 0)
Frame 544
	Current event List (0 events) (past 0)
Frame 545
	Current event List (0 events) (past 0)
Frame 546
	Current event List (0 events) (past 0)
Frame 547
	Current event List (0 events) (past 0)
Frame 548
	Current event List (0 events) (past 0)
Frame 549
	Current event List (0 events) (past 0)
Frame 550
	Current event List (0 events) (past 0)
Frame 551
	Current event List (0 events) (past 0)
Frame 552
	Current event List (0 events) (past 0)
Frame 553
	Current event List (0 events) (past 0)
Frame 554
	Current event List (0 events) (past 0)
Frame 555
	Current event List (0 events) (past 0)
Frame 556
	Current event List (0 events) (past 0)
Frame 557
	Current event List (0 events) (past 0)
Frame 558
	Current event List (0 events) (past 0)
Frame 559
	Current event List (0 events) (past 0)
Frame 560
	Current event List (0 events) (past 0)
Frame 561
	Current event List (0 events) (past 0)
Frame 562
	Current event List (0 events) (past 0)
Frame 563
	Current event List (0 events) (past 0)
Frame 564
	Current event List (0 events) (past 0)
Frame 565
	Current event List (0 events) (past 0)
Frame 566
	Current event List (0 events) (past 0)
Frame 567
	Current event List (0 events) (past 0)
Frame 568
	Current event List (0 events) (past 0)
Frame 569
	Current event List (0 events) (past 0)
Frame 570
	Current event List (0 events) (past 0)
Frame 571
	Current event List (0 events) (past 0)
Frame 572
	Current event List (0 events) (past 0)
Frame 573
	Current event List (0 events) (past 0)
Frame 574
	Current event List (0 events) (past 0)
Frame 575
	Current event List (0 events) (past 0)
Frame 576
	Current event List (0 events) (past 0)
Frame 577
	Current event List (0 events) (past 0)
Frame 578
	Current event List (0 events) (past 0)
Frame 579
	Current event List (0 events) (past 0)
Frame 580
	Current event List (0 events) (past 0)
Frame 581
	Current event List (0 events) (past 0)
Frame 582
	Current event List (0 events) (past 0)
Frame 583
	Current event List (0 events) (past 0)
Frame 584
	Current event List (0 events) (past 0)
Frame 585
	Current event List (0 events) (past 0)
Frame 586
	Current event List (0 events) (past 0)
Frame 587
	Current event List (0 events) (past 0)
Frame 588
	Current event List (0 events) (past 0)
Frame 589
	Current event List (0 events) (past 0)
Frame 590
	Current event List (0 events) (past 0)
Frame 591
	Current event List (0 events) (past 0)
Frame 592
	Current event List (0 events) (past 0)
Frame 593
	Current event List (0 events) (past 0)
Frame 594
	Current event List (0 events) (past 0)
Frame 595
	Current event List (0 events) (past 0)
Frame 596
	Current event List (0 events) (past 0)
Frame 597
	Current event List (0 events) (past 0)
Frame 598
	Current event List (0 events) (past 0)
Frame 599
	Current event List (0 events) (past 0)
Frame 600
	Current event List (0 events) (past 0)
Frame 601
	Current event List (0 events) (past 0)
Frame 602
	Current event List (0 events) (past 0)
Frame 603
	Current event List (0 events) (past 0)
Frame 604
	Current event List (0 events) (past 0)
Frame 605
	Current event List (0 events) (past 0)
Frame 606
	Current event List (0 events) (past 0)
Frame 607
	Current event List (0 events) (past 0)
Frame 608
	Current event List (0 events) (past 0)
Frame 609
	Current event List (0 events) (past 0)
Frame 610
	Current event List (0 events) (past 0)
Frame 611
	Current event List (0 events) (past 0)
Frame 612
	Current event List (0 events) (past 0)
Frame 613
	Current event List (0 events) (past 0)
Frame 614
	Current event List (0 events) (past 0)
Frame 615
	Current event List (0 events) (past 0)
Frame 616
	Current event List (0 events) (past 0)
Frame 617
	Current event List (0 events) (past 0)
Frame 618
	Current event List (0 events) (past 0)
Frame 619
	Current event List (0 events) (past 0)
Frame 620
	Current event List (0 events) (past 0)
Frame 621
	Current event List (0 events) (past 0)
Frame 622
	Current event List (0 events) (past 0)
Frame 623
	Current event List (0 events) (past 0)
Frame 624
	Current event List (0 events) (past 0)
Frame 625
	Current event List (0 events) (past 0)
Frame 626
	Current event List (0 events) (past 0)
Frame 627
	Current event List (0 events) (past 0)
Frame 628
	Current event List (0 events) (past 0)
Frame 629
	Current event List (0 events) (past 0)
Frame 630
	Current event List (0 events) (past 0)
Frame 631
	Current event List (0 events) (past 0)
Frame 632
	Current event List (0 events) (past 0)
Frame 633
	Current event List (0 events) (past 0)
Frame 634
	Current event List (0 events) (past 0)
Frame 635
	Current event List (0 events) (past 0)
Frame 636
	Current event List (0 events) (past 0)
Frame 637
	Current event List (0 events) (past 0)
Frame 638
	Current event List (0 events) (past 0)
Frame 639
	Current event List (0 events) (past 0)
Frame 640
	Current event List (0 events) (past 0)
Frame 641
	Current event List (0 events) (past 0)
Frame 642
	Current event List (0 events) (past 0)
Frame 643
	Current event List (0 events) (past 0)
Frame 644
	Current event List (0 events) (past 0)
Frame 645
	Current event List (0 events) (past 0)
Frame 646
	Current event List (0 events) (past 0)
Frame 647
	Current event List (0 events) (past 0)
Frame 648
	Current event List (0 events) (past 0)
Frame 649
	Current event List (0 events) (past 0)
Frame 650
	Current event List (0 events) (past 0)
Frame 651
	Current event List (0 events) (past 0)
Frame 652
	Current event List (0 events) (past 0)
Frame 653
	Current event List (0 events) (past 0)
Frame 654
	Current event List (0 events) (past 0)
Frame 655
	Current event List (0 events) (past 0)
Frame 656
	Current event List (0 events) (past 0)
Frame 657
	Current event List (0 events) (past 0)
Frame 658
	Current event List (0 events) (past 0)
Frame 659
	Current event List (0 events) (past 0)
Frame 660
	Current event List (0 events) (past 0)
Frame 661
	Current event List (0 events) (past 0)
Frame 662
	Current event List (0 events) (past 0)
Frame 663
	Current event List (0 events) (past 0)
Frame 664
	Current event List (0 events) (past 0)
Frame 665
	Current event List (0 events) (past 0)
Frame 666
	Current event List (0 events) (past 0)
Frame 667
	Current event List (0 events) (past 0)
Frame 668
	Current event List (0 events) (past 0)
Frame 669
	Current event List (0 events) (past 0)
Frame 670
	Current event List (0 events) (past 0)
Frame 671
	Current event List (0 events) (past 0)
Frame 672
	Current event List (0 events) (past 0)
Frame 673
	Current event List (0 events) (past 0)
Frame 674
	Current event List (0 events) (past 0)
Frame 675
	Current event List (0 events) (past 0)
Frame 676
	Current event List (0 events) (past 0)
Frame 677
	Current event List (0 events) (past 0)
Frame 678
	Current event List (0 events) (past 0)
Frame 679
	Current event List (0 events) (past 0)
Frame 680
	Current event List (0 events) (past 0)
Frame 681
	Current event List (0 events) (past 0)
Frame 682
	Current event List (0 events) (past 0)
Frame 683
	Current event List (0 events) (past 0)
Frame 684
	Current event List (0 events) (past 0)
Frame 685
	Current event List (0 events) (past 0)
Frame 686
	Current event List (0 events) (past 0)
Frame 687
	Current event List (0 events) (past 0)
Frame 688
	Current event List (0 events) (past 0)
Frame 689
	Current event List (0 events) (past 0)
Frame 690
	Current event List (0 events) (past 0)
Frame 691
	Current event List (0 events) (past 0)
Frame 692
	Current event List (0 events) (past 0)
Frame 693
	Current event List (0 events) (past 0)
Frame 694
	Current event List (0 events) (past 0)
Frame 695
	Current event List (0 events) (past 0)
Frame 696
	Current event List (0 events) (past 0)
Frame 697
	Current event List (0 events) (past 0)
Frame 698
	Current event List (0 events) (past 0)
Frame 699
	Current event List (0 events) (past 0)
Frame 700
	Current event List (0 events) (past 0)
Frame 701
	Current event List (0 events) (past 0)
Frame 702
	Current event List (0 events) (past 0)
Frame 703
	Current event List (0 events) (past 0)
Frame 704
	Current event List (0 events) (past 0)
Frame 705
	Current event List (0 events) (past 0)
Frame 706
	Current event List (0 events) (past 0)
Frame 707
	Current event List (0 events) (past 0)
Frame 708
	Current event List (0 events) (past 0)
Frame 709
	Current event List (0 events) (past 0)
Frame 710
	Current event List (0 events) (past 0)
Frame 711
	Current event List (0 events) (past 0)
Frame 712
	Current event List (0 events) (past 0)
Frame 713
	Current event List (0 events) (past 0)
Frame 714
	Current event List (0 events) (past 0)
Frame 715
	Current event List (0 events) (past 0)
Frame 716
	Current event List (0 events) (past 0)
Frame 717
	Current event List (0 events) (past 0)
Frame 718
	Current event List (0 events) (past 0)
Frame 719
	Current event List (0 events) (past 0)
Frame 720
	Current event List (0 events) (past 0)
Frame 721
	Current event List (0 events) (past 0)
Frame 722
	Current event List (0 events) (past 0)
Frame 723
	Current event List (0 events) (past 0)
Frame 724
	Current event List (0 events) (past 0)
Frame 725
	Current event List (0 events) (past 0)
Frame 726
	Current event List (0 events) (past 0)
Frame 727
	Current event List (0 events) (past 0)
Frame 728
	Current event List (0 events) (past 0)
Frame 729
	Current event List (0 events) (past 0)
Frame 730
	Current event List (0 events) (past 0)
Frame 731
	Current event List (0 events) (past 0)
Frame 732
	Current event List (0 events) (past 0)
Frame 733
	Current event List (0 events) (past 0)
Frame 734
	Current event List (0 events) (past 0)
Frame 735
	Current event List (0 events) (past 0)
Frame 736
	Current event List (0 events) (past 0)
Frame 737
	Current event List (0 events) (past 0)
Frame 738
	Current event List (0 events) (past 0)
Frame 739
	Current event List (0 events) (past 0)
Frame 740
	Current event List (0 events) (past 0)
Frame 741
	Current event List (0 events) (past 0)
Frame 742
	Current event List (0 events) (past 0)
Frame 743
	Current event List (0 events) (past 0)
Frame 744
	Current event List (0 events) (past 0)
Frame 745
	Current event List (0 events) (past 0)
Frame 746
	Current event List (0 events) (past 0)
Frame 747
	Current event List (0 events) (past 0)
Frame 748
	Current event List (0 events) (past 0)
Frame 749
	Current event List (0 events) (past 0)
Frame 750
	Current event List (0 events) (past 0)
Frame 751
	Current event List (0 events) (past 0)
Frame 752
	Current event List (0 events) (past 0)
Frame 753
	Current event List (0 events) (past 0)
Frame 754
	Current event List (0 events) (past 0)
Frame 755
	Current event List (0 events) (past 0)
Frame 756
	Current event List (0 events) (past 0)
Frame 757
	Current event List (0 events) (past 0)
Frame 758
	Current event List (0 events) (past 0)
Frame 759
	Current event List (0 events) (past 0)
Frame 760
	Current event List (0 events) (past 0)
Frame 761
	Current event List (0 events) (past 0)
Frame 762
	Current event List (0 events) (past 0)
Frame 763
	Current event List (0 events) (past 0)
Frame 764
	Current event List (0 events) (past 0)
Frame 765
	Current event List (0 events) (past 0)
Frame 766
	Current event List (0 events) (past 0)
Frame 767
	Current event List (0 events) (past 0)
Frame 768
	Current event List (0 events) (past 0)
Frame 769
	Current event List (0 events) (past 0)
Frame 770
	Current event List (0 events) (past 0)
Frame 771
	Current event List (0 events) (past 0)
Frame 772
	Current event List (0 events) (past 0)
Frame 773
	Current event List (0 events) (past 0)
Frame 774
	Current event List (0 events) (past 0)
Frame 775
	Current event List (0 events) (past 0)
Frame 776
	Current event List (0 events) (past 0)
Frame 777
	Current event List (0 events) (past 0)
Frame 778
	Current event List (0 events) (past 0)
Frame 779
	Current event List (0 events) (past 0)
Frame 780
	Current event List (0 events) (past 0)
Frame 781
	Current event List (0 events) (past 0)
Frame 782
	Current event List (0 events) (past 0)
Frame 783
	Current event List (0 events) (past 0)
Frame 784
	Current event List (0 events) (past 0)
Frame 785
	Current event List (0 events) (past 0)
Frame 786
	Current event List (0 events) (past 0)
Frame 787
	Current event List (0 events) (past 0)
Frame 788
	Current event List (0 events) (past 0)
Frame 789
	Current event List (0 events) (past 0)
Frame 790
	Current event List (0 events) (past 0)
Frame 791
	Current event List (0 events) (past 0)
Frame 792
	Current event List (0 events) (past 0)
Frame 793
	Current event List (0 events) (past 0)
Frame 794
	Current event List (0 events) (past 0)
Frame 795
	Current event List (0 events) (past 0)
Frame 796
	Current event List (0 events) (past 0)
Frame 797
	Current event List (0 events) (past 0)
Frame 798
	Current event List (0 events) (past 0)
Frame 799
	Current event List (0 events) (past 0)
Frame 800
	Current event List (0 events) (past 0)
Frame 801
	Current event List (0 events) (past 0)
Frame 802
	Current event List (0 events) (past 0)
Frame 803
	Current event List (0 events) (past 0)
Frame 804
	Current event List (0 events) (past 0)
Frame 805
	Current event List (0 events) (past 0)
Frame 806
	Current event List (0 events) (past 0)
Frame 807
	Current event List (0 events) (past 0)
Frame 808
	Current event List (0 events) (past 0)
Frame 809
	Current event List (0 events) (past 0)
Frame 810
	Current event List (0 events) (past 0)
Frame 811
	Current event List (0 events) (past 0)
Frame 812
	Current event List (0 events) (past 0)
Frame 813
	Current event List (0 events) (past 0)
Frame 814
	Current event List (0 events) (past 0)
Frame 815
	Current event List (0 events) (past 0)
Frame 816
	Current event List (0 events) (past 0)
Frame 817
	Current event List (0 events) (past 0)
Frame 818
	Current event List (0 events) (past 0)
Frame 819
	Current event List (0 events) (past 0)
Frame 820
	Current event List (0 events) (past 0)
Frame 821
	Current event List (0 events) (past 0)
Frame 822
	Current event List (0 events) (past 0)
Frame 823
	Current event List (0 events) (past 0)
Frame 824
	Current event List (0 events) (past 0)
Frame 825
	Current event List (0 events) (past 0)
Frame 826
	Current event List (0 events) (past 0)
Frame 827
	Current event List (0 events) (past 0)
Frame 828
	Current event List (0 events) (past 0)
Frame 829
	Current event List (0 events) (past 0)
Frame 830
	Current event List (0 events) (past 0)
Frame 831
	Current event List (0 events) (past 0)
Frame 832
	Current event List (0 events) (past 0)
Frame 833
	Current event List (0 events) (past 0)
Frame 834
	Current event List (0 events) (past 0)
Frame 835
	Current event List (0 events) (past 0)
Frame 836
	Current event List (0 events) (past 0)
Frame 837
	Current event List (0 events) (past 0)
Frame 838
	Current event List (0 events) (past 0)
Frame 839
	Current event List (0 events) (past 0)
Frame 840
	Current event List (0 events) (past 0)
Frame 841
	Current event List (0 events) (past 0)
Frame 842
	Current event List (0 events) (past 0)
Frame 843
	Current event List (0 events) (past 0)
Frame 844
	Current event List (0 events) (past 0)
Frame 845
	Current event List (0 events) (past 0)
Frame 846
	Current event List (0 events) (past 0)
Frame 847
	Current event List (0 events) (past 0)
Frame 848
	Current event List (0 events) (past 0)
Frame 849
	Current event List (0 events) (past 0)
Frame 850
	Current event List (0 events) (past 0)
Frame 851
	Current event List (0 events) (past 0)
Frame 852
	Current event List (0 events) (past 0)
Frame 853
	Current event List (0 events) (past 0)
Frame 854
	Current event List (0 events) (past 0)
Frame 855
	Current event List (0 events) (past 0)
Frame 856
	Current event List (0 events) (past 0)
Frame 857
	Current event List (0 events) (past 0)
Frame 858
	Current event List (0 events) (past 0)
Frame 859
	Current event List (0 events) (past 0)
Frame 860
	Current event List (0 events) (past 0)
Frame 861
	Current event List (0 events) (past 0)
Frame 862
	Current event List (0 events) (past 0)
Frame 863
	Current event List (0 events) (past 0)
Frame 864
	Current event List (0 events) (past 0)
Frame 865
	Current event List (0 events) (past 0)
Frame 866
	Current event List (0 events) (past 0)
Frame 867
	Current event List (0 events) (past 0)
Frame 868
	Current event List (0 events) (past 0)
Frame 869
	Current event List (0 events) (past 0)
Frame 870
	Current event List (0 events) (past 0)
Frame 871
	Current event List (0 events) (past 0)
Frame 872
	Current event List (0 events) (past 0)
Frame 873
	Current event List (0 events) (past 0)
Frame 874
	Current event List (0 events) (past 0)
Frame 875
	Current event List (0 events) (past 0)
Frame 876
	Current event List (0 events) (past 0)
Frame 877
	Current event List (0 events) (past 0)
Frame 878
	Current event List (0 events) (past 0)
Frame 879
	Current event List (0 events) (past 0)
Frame 880
	Current event List (0 events) (past 0)
Frame 881
	Current event List (0 events) (past 0)
Frame 882
	Current event List (0 events) (past 0)
Frame 883
	Current event List (0 events) (past 0)
Frame 884
	Current event List (0 events) (past 0)
Frame 885
	Current event List (0 events) (past 0)
Frame 886
	Current event List (0 events) (past 0)
Frame 887
	Current event List (0 events) (past 0)
Frame 888
	Current event List (0 events) (past 0)
Frame 889
	Current event List (0 events) (past 0)
Frame 890
	Current event List (0 events) (past 0)
Frame 891
	Current event List (0 events) (past 0)
Frame 892
	Current event List (0 events) (past 0)
Frame 893
	Current event List (0 events) (past 0)
Frame 894
	Current event List (0 events) (past 0)
Frame 895
	Current event List (0 events) (past 0)
Frame 896
	Current event List (0 events) (past 0)
Frame 897
	Current event List (0 events) (past 0)
Frame 898
	Current event List (0 events) (past 0)
Frame 899
	Current event List (0 events) (past 0)
Frame 900
	Current event List (0 events) (past 0)
Frame 901
	Current event List (0 events) (past 0)
Frame 902
	Current event List (0 events) (past 0)
Frame 903
	Current event List (0 events) (past 0)
Frame 904
	Current event List (0 events) (past 0)
Frame 905
	Current event List (0 events) (past 0)
Frame 906
	Current event List (0 events) (past 0)
Frame 907
	Current event List (0 events) (past 0)
Frame 908
	Current event List (0 events) (past 0)
Frame 909
	Current event List (0 events) (past 0)
Frame 910
	Current event List (0 events) (past 0)
Frame 911
	Current event List (0 events) (past 0)
Frame 912
	Current event List (0 events) (past 0)
Frame 913
	Current event List (0 events) (past 0)
Frame 914
	Current event List (0 events) (past 0)
Frame 915
	Current event List (0 events) (past 0)
Frame 916
	Current event List (0 events) (past 0)
Frame 917
	Current event List (0 events) (past 0)
Frame 918
	Current event List (0 events) (past 0)
Frame 919
	Current event List (0 events) (past 0)
Frame 920
	Current event List (0 events) (past 0)
Frame 921
	Current event List (0 events) (past 0)
Frame 922
	Current event List (0 events) (past 0)
Frame 923
	Current event List (0 events) (past 0)
Frame 924
	Current event List (0 events) (past 0)
Frame 925
	Current event List (0 events) (past 0)
Frame 926
	Current event List (0 events) (past 0)
Frame 927
	Current event List (0 events) (past 0)
Frame 928
	Current event List (0 events) (past 0)
Frame 929
	Current event List (0 events) (past 0)
Frame 930
	Current event List (0 events) (past 0)
Frame 931
	Current event List (0 events) (past 0)
Frame 932
	Current event List (0 events) (past 0)
Frame 933
	Current event List (0 events) (past 0)
Frame 934
	Current event List (0 events) (past 0)
Frame 935
	Current event List (0 events) (past 0)
Frame 936
	Current event List (0 events) (past 0)
Frame 937
	Current event List (0 events) (past 0)
Frame 938
	Current event List (0 events) (past 0)
Frame 939
	Current event List (0 events) (past 0)
Frame 940
	Current event List (0 events) (past 0)
Frame 941
	Current event List (0 events) (past 0)
Frame 942
	Current event List (0 events) (past 0)
Frame 943
	Current event List (0 events) (past 0)
Frame 944
	Current event List (0 events) (past 0)
Frame 945
	Current event List (0 events) (past 0)
Frame 946
	Current event List (0 events) (past 0)
Frame 947
	Current event List (0 events) (past 0)
Frame 948
	Current event List (0 events) (past 0)
Frame 949
	Current event List (0 events) (past 0)
Frame 950
	Current event List (0 events) (past 0)
Frame 951
	Current event List (0 events) (past 0)
Frame 952
	Current event List (0 events) (past 0)
Frame 953
	Current event List (0 events) (past 0)
Frame 954
	Current event List (0 events) (past 0)
Frame 955
	Current event List (0 events) (past 0)
Frame 956
	Current event List (0 events) (past 0)
Frame 957
	Current event List (0 events) (past 0)
Frame 958
	Current event List (0 events) (past 0)
Frame 959
	Current event List (0 events) (past 0)
Frame 960
	Current event List (0 events) (past 0)
Frame 961
	Current event List (0 events) (past 0)
Frame 962
	Current event List (0 events) (past 0)
Frame 963
	Current event List (0 events) (past 0)
Frame 964
	Current event List (0 events) (past 0)
Frame 965
	Current event List (0 events) (past 0)
Frame 966
	Current event List (0 events) (past 0)
Frame 967
	Current event List (0 events) (past 0)
Frame 968
	Current event List (0 events) (past 0)
Frame 969
	Current event List (0 events) (past 0)
Frame 970
	Current event List (0 events) (past 0)
Frame 971
	Current event List (0 events) (past 0)
Frame 972
	Current event List (0 events) (past 0)
Frame 973
	Current event List (0 events) (past 0)
Frame 974
	Current event List (0 events) (past 0)
Frame 975
	Current event List (0 events) (past 0)
Frame 976
	Current event List (0 events) (past 0)
Frame 977
	Current event List (0 events) (past 0)
Frame 978
	Current event List (0 events) (past 0)
Frame 979
	Current event List (0 events) (past 0)
Frame 980
	Current event List (0 events) (past 0)
Frame 981
	Current event List (0 events) (past 0)
Frame 982
	Current event List (0 events) (past 0)
Frame 983
	Current event List (0 events) (past 0)
Frame 984
	Current event List (0 events) (past 0)
Frame 985
	Current event List (0 events) (past 0)
Frame 986
	Current event List (0 events) (past 0)
Frame 987
	Current event List (0 events) (past 0)
Frame 988
	Current event List (0 events) (past 0)
Frame 989
	Current event List (0 events) (past 0)
Frame 990
	Current event List (0 events) (past 0)
Frame 991
	Current event List (0 events) (past 0)
Frame 992
	Current event List (0 events) (past 0)
Frame 993
	Current event List (0 events) (past 0)
Frame 994
	Current event List (0 events) (past 0)
Frame 995
	Current event List (0 events) (past 0)
Frame 996
	Current event List (0 events) (past 0)
Frame 997
	Current event List (0 events) (past 0)
Frame 998
	Current event List (0 events) (past 0)
Frame 999
	Current event List (0 events) (past 0)
Frame 1000
	Current event List (0 events) (past 0)
Frame 1001
	Current event List (0 events) (past 0)
Frame 1002
	Current event List (0 events) (past 0)
Frame 1003
	Current event List (0 events) (past 0)
Frame 1004
	Current event List (0 events) (past 0)
Frame 1005
	Current event List (0 events) (past 0)
Frame 1006
	Current event List (0 events) (past 0)
Frame 1007
	Current event List (0 events) (past 0)
Frame 1008
	Current event List (0 events) (past 0)
Frame 1009
	Current event List (0 events) (past 0)
Frame 1010
	Current event List (0 events) (past 0)
Frame 1011
	Current event List (0 events) (past 0)
Frame 1012
	Current event List (0 events) (past 0)
Frame 1013
	Current event List (0 events) (past 0)
Frame 1014
	Current event List (0 events) (past 0)
Frame 1015
	Current event List (0 events) (past 0)
Frame 1016
	Current event List (0 events) (past 0)
Frame 1017
	Current event List (0 events) (past 0)
Frame 1018
	Current event List (0 events) (past 0)
Frame 1019
	Current event List (0 events) (past 0)
Frame 1020
	Current event List (0 events) (past 0)
Frame 1021
	Current event List (0 events) (past 0)
Frame 1022
	Current event List (0 events) (past 0)
Frame 1023
	Current event List (0 events) (past 0)
Frame 1024
	Current event List (0 events) (past 0)
Frame 1025
	Current event List (0 events) (past 0)
Frame 1026
	Current event List (0 events) (past 0)
Frame 1027
	Current event List (0 events) (past 0)
Frame 1028
	Current event List (0 events) (past 0)
Frame 1029
	Current event List (0 events) (past 0)
Frame 1030
	Current event List (0 events) (past 0)
Frame 1031
	Current event List (0 events) (past 0)
Frame 1032
	Current event List (0 events) (past 0)
Frame 1033
	Current event List (0 events) (past 0)
Frame 1034
	Current event List (0 events) (past 0)
Frame 1035
	Current event List (0 events) (past 0)
Frame 1036
	Current event List (0 events) (past 0)
Frame 1037
	Current event List (0 events) (past 0)
Frame 1038
	Current event List (0 events) (past 0)
Frame 1039
	Current event List (0 events) (past 0)
Frame 1040
	Current event List (0 events) (past 0)
Frame 1041
	Current event List (0 events) (past 0)
Frame 1042
	Current event List (0 events) (past 0)
Frame 1043
	Current event List (0 events) (past 0)
Frame 1044
	Current event List (0 events) (past 0)
Frame 1045
	Current event List (0 events) (past 0)
Frame 1046
	Current event List (0 events) (past 0)
Frame 1047
	Current event List (0 events) (past 0)
Frame 1048
	Current event List (0 events) (past 0)
Frame 1049
	Current event List (0 events) (past 0)
Frame 1050
	Current event List (0 events) (past 0)
Frame 1051
	Current event List (0 events) (past 0)
Frame 1052
	Current event List (0 events) (past 0)
Frame 1053
	Current event List (0 events) (past 0)
Frame 1054
	Current event List (0 events) (past 0)
Frame 1055
	Current event List (0 events) (past 0)
Frame 1056
	Current event List (0 events) (past 0)
Frame 1057
	Current event List (0 events) (past 0)
Frame 1058
	Current event List (0 events) (past 0)
Frame 1059
	Current event List (0 events) (past 0)
Frame 1060
	Current event List (0 events) (past 0)
Frame 1061
	Current event List (0 events) (past 0)
Frame 1062
	Current event List (0 events) (past 0)
Frame 1063
	Current event List (0 events) (past 0)
Frame 1064
	Current event List (0 events) (past 0)
Frame 1065
	Current event List (0 events) (past 0)
Frame 1066
	Current event List (0 events) (past 0)
Frame 1067
	Current event List (0 events) (past 0)
Frame 1068
	Current event List (0 events) (past 0)
Frame 1069
	Current event List (0 events) (past 0)
Frame 1070
	Current event List (0 events) (past 0)
Frame 1071
	Current event List (0 events) (past 0)
Frame 1072
	Current event List (0 events) (past 0)
Frame 1073
	Current event List (0 events) (past 0)
Frame 1074
	Current event List (0 events) (past 0)
Frame 1075
	Current event List (0 events) (past 0)
Frame 1076
	Current event List (0 events) (past 0)
Frame 1077
	Current event List (0 events) (past 0)
Frame 1078
	Current event List (0 events) (past 0)
Frame 1079
	Current event List (0 events) (past 0)
Frame 1080
	Current event List (0 events) (past 0)
Frame 1081
	Current event List (0 events) (past 0)
Frame 1082
	Current event List (0 events) (past 0)
Frame 1083
	Current event List (0 events) (past 0)
Frame 1084
	Current event List (0 events) (past 0)
Frame 1085
	Current event List (0 events) (past 0)
Frame 1086
	Current event List (0 events) (past 0)
Frame 1087
	Current event List (0 events) (past 0)
Frame 1088
	Current event List (0 events) (past 0)
Frame 1089
	Current event List (0 events) (past 0)
Frame 1090
	Current event List (0 events) (past 0)
Frame 1091
	Current event List (0 events) (past 0)
Frame 1092
	Current event List (0 events) (past 0)
Frame 1093
	Current event List (0 events) (past 0)
Frame 1094
	Current event List (0 events) (past 0)
Frame 1095
	Current event List (0 events) (past 0)
Frame 1096
	Current event List (0 events) (past 0)
Frame 1097
	Current event List (0 events) (past 0)
Frame 1098
	Current event List (0 events) (past 0)
Frame 1099
	Current event List (0 events) (past 0)
Frame 1100
	Current event List (0 events) (past 0)
Frame 1101
	Current event List (0 events) (past 0)
Frame 1102
	Current event List (0 events) (past 0)
Frame 1103
	Current event List (0 events) (past 0)
Frame 1104
	Current event List (0 events) (past 0)
Frame 1105
	Current event List (0 events) (past 0)
Frame 1106
	Current event List (0 events) (past 0)
Frame 1107
	Current event List (0 events) (past 0)
Frame 1108
	Current event List (0 events) (past 0)
Frame 1109
	Current event List (0 events) (past 0)
Frame 1110
	Current event List (0 events) (past 0)
Frame 1111
	Current event List (0 events) (past 0)
Frame 1112
	Current event List (0 events) (past 0)
Frame 1113
	Current event List (0 events) (past 0)
Frame 1114
	Current event List (0 events) (past 0)
Frame 1115
	Current event List (0 events) (past 0)
Frame 1116
	Current event List (0 events) (past 0)
Frame 1117
	Current event List (0 events) (past 0)
Frame 1118
	Current event List (0 events) (past 0)
Frame 1119
	Current event List (0 events) (past 0)
Frame 1120
	Current event List (0 events) (past 0)
Frame 1121
	Current event List (0 events) (past 0)
Frame 1122
	Current event List (0 events) (past 0)
Frame 1123
	Current event List (0 events) (past 0)
Frame 1124
	Current event List (0 events) (past 0)
Frame 1125
	Current event List (0 events) (past 0)
Frame 1126
	Current event List (0 events) (past 0)
Frame 1127
	Current event List (0 events) (past 0)
Frame 1128
	Current event List (0 events) (past 0)
Frame 1129
	Current event List (0 events) (past 0)
Frame 1130
	Current event List (0 events) (past 0)
Frame 1131
	Current event List (0 events) (past 0)
Frame 1132
	Current event List (0 events) (past 0)
Frame 1133
	Current event List (0 events) (past 0)
Frame 1134
	Current event List (0 events) (past 0)
Frame 1135
	Current event List (0 events) (past 0)
Frame 1136
	Current event List (0 events) (past 0)
Frame 1137
	Current event List (0 events) (past 0)
Frame 1138
	Current event List (0 events) (past 0)
Frame 1139
	Current event List (0 events) (past 0)
Frame 1140
	Current event List (0 events) (past 0)
Frame 1141
	Current event List (0 events) (past 0)
Frame 1142
	Current event List (0 events) (past 0)
Frame 1143
	Current event List (0 events) (past 0)
Frame 1144
	Current event List (0 events) (past 0)
Frame 1145
	Current event List (0 events) (past 0)
Frame 1146
	Current event List (0 events) (past 0)
Frame 1147
	Current event List (0 events) (past 0)
Frame 1148
	Current event List (0 events) (past 0)
Frame 1149
	Current event List (0 events) (past 0)
Frame 1150
	Current event List (0 events) (past 0)
Frame 1151
	Current event List (0 events) (past 0)
Frame 1152
	Current event List (0 events) (past 0)
Frame 1153
	Current event List (0 events) (past 0)
Frame 1154
	Current event List (0 events) (past 0)
Frame 1155
	Current event List (0 events) (past 0)
Frame 1156
	Current event List (0 events) (past 0)
Frame 1157
	Current event List (0 events) (past 0)
Frame 1158
	Current event List (0 events) (past 0)
Frame 1159
	Current event List (0 events) (past 0)
Frame 1160
	Current event List (0 events) (past 0)
Frame 1161
	Current event List (0 events) (past 0)
Frame 1162
	Current event List (0 events) (past 0)
Frame 1163
	Current event List (0 events) (past 0)
Frame 1164
	Current event List (0 events) (past 0)
Frame 1165
	Current event List (0 events) (past 0)
Frame 1166
	Current event List (0 events) (past 0)
Frame 1167
	Current event List (0 events) (past 0)
Frame 1168
	Current event List (0 events) (past 0)
Frame 1169
	Current event List (0 events) (past 0)
Frame 1170
	Current event List (0 events) (past 0)
Frame 1171
	Current event List (0 events) (past 0)
Frame 1172
	Current event List (0 events) (past 0)
Frame 1173
	Current event List (0 events) (past 0)
Frame 1174
	Current event List (0 events) (past 0)
Frame 1175
	Current event List (0 events) (past 0)
Frame 1176
	Current event List (0 events) (past 0)
Frame 1177
	Current event List (0 events) (past 0)
Frame 1178
	Current event List (0 events) (past 0)
Frame 1179
	Current event List (0 events) (past 0)
Frame 1180
	Current event List (0 events) (past 0)
Frame 1181
	Current event List (0 events) (past 0)
Frame 1182
	Current event List (0 events) (past 0)
Frame 1183
	Current event List (0 events) (past 0)
Frame 1184
	Current event List (0 events) (past 0)
Frame 1185
	Current event List (0 events) (past 0)
Frame 1186
	Current event List (0 events) (past 0)
Frame 1187
	Current event List (0 events) (past 0)
Frame 1188
	Current event List (0 events) (past 0)
Frame 1189
	Current event List (0 events) (past 0)
Frame 1190
	Current event List (0 events) (past 0)
Frame 1191
	Current event List (0 events) (past 0)
Frame 1192
	Current event List (0 events) (past 0)
Frame 1193
	Current event List (0 events) (past 0)
Frame 1194
	Current event List (0 events) (past 0)
Frame 1195
	Current event List (0 events) (past 0)
Frame 1196
	Current event List (0 events) (past 0)
Frame 1197
	Current event List (0 events) (past 0)
Frame 1198
	Current event List (0 events) (past 0)
Frame 1199
	Current event List (0 events) (past 0)
Frame 1200
	Current event List (0 events) (past 0)
Frame 1201
	Current event List (0 events) (past 0)
Frame 1202
	Current event List (0 events) (past 0)
Frame 1203
	Current event List (0 events) (past 0)
Frame 1204
	Current event List (0 events) (past 0)
Frame 1205
	Current event List (0 events) (past 0)
Frame 1206
	Current event List (0 events) (past 0)
Frame 1207
	Current event List (0 events) (past 0)
Frame 1208
	Current event List (0 events) (past 0)
Frame 1209
	Current event List (0 events) (past 0)
Frame 1210
	Current event List (0 events) (past 0)
Frame 1211
	Current event List (0 events) (past 0)
Frame 1212
	Current event List (0 events) (past 0)
Frame 1213
	Current event List (0 events) (past 0)
Frame 1214
	Current event List (0 events) (past 0)
Frame 1215
	Current event List (0 events) (past 0)
Frame 1216
	Current event List (0 events) (past 0)
Frame 1217
	Current event List (0 events) (past 0)
Frame 1218
	Current event List (0 events) (past 0)
Frame 1219
	Current event List (0 events) (past 0)
Frame 1220
	Current event List (0 events) (past 0)
Frame 1221
	Current event List (0 events) (past 0)
Frame 1222
	Current event List (0 events) (past 0)
Frame 1223
	Current event List (0 events) (past 0)
Frame 1224
	Current event List (0 events) (past 0)
Frame 1225
	Current event List (0 events) (past 0)
Frame 1226
	Current event List (0 events) (past 0)
Frame 1227
	Current event List (0 events) (past 0)
Frame 1228
	Current event List (0 events) (past 0)
Frame 1229
	Current event List (0 events) (past 0)
Frame 1230
	Current event List (0 events) (past 0)
Frame 1231
	Current event List (0 events) (past 0)
Frame 1232
	Current event List (0 events) (past 0)
Frame 1233
	Current event List (0 events) (past 0)
Frame 1234
	Current event List (0 events) (past 0)
Frame 1235
	Current event List (0 events) (past 0)
Frame 1236
	Current event List (0 events) (past 0)
Frame 1237
	Current event List (0 events) (past 0)
Frame 1238
	Current event List (0 events) (past 0)
Frame 1239
	Current event List (0 events) (past 0)
Frame 1240
	Current event List (0 events) (past 0)
Frame 1241
	Current event List (0 events) (past 0)
Frame 1242
	Current event List (0 events) (past 0)
Frame 1243
	Current event List (0 events) (past 0)
Frame 1244
	Current event List (0 events) (past 0)
Frame 1245
	Current event List (0 events) (past 0)
Frame 1246
	Current event List (0 events) (past 0)
Frame 1247
	Current event List (0 events) (past 0)
Frame 1248
	Current event List (0 events) (past 0)
Frame 1249
	Current event List (0 events) (past 0)
Frame 1250
	Current event List (0 events) (past 0)
Frame 1251
	Current event List (0 events) (past 0)
Frame 1252
	Current event List (0 events) (past 0)
Frame 1253
	Current event List (0 events) (past 0)
Frame 1254
	Current event List (0 events) (past 0)
Frame 1255
	Current event List (0 events) (past 0)
Frame 1256
	Current event List (0 events) (past 0)
Frame 1257
	Current event List (0 events) (past 0)
Frame 1258
	Current event List (0 events) (past 0)
Frame 1259
	Current event List (0 events) (past 0)
Frame 1260
	Current event List (0 events) (past 0)
Frame 1261
	Current event List (0 events) (past 0)
Frame 1262
	Current event List (0 events) (past 0)
Frame 1263
	Current event List (0 events) (past 0)
Frame 1264
	Current event List (0 events) (past 0)
Frame 1265
	Current event List (0 events) (past 0)
Frame 1266
	Current event List (0 events) (past 0)
Frame 1267
	Current event List (0 events) (past 0)
Frame 1268
	Current event List (0 events) (past 0)
Frame 1269
	Current event List (0 events) (past 0)
Frame 1270
	Current event List (0 events) (past 0)
Frame 1271
	Current event List (0 events) (past 0)
Frame 1272
	Current event List (0 events) (past 0)
Frame 1273
	Current event List (0 events) (past 0)
Frame 1274
	Current event List (0 events) (past 0)
Frame 1275
	Current event List (0 events) (past 0)
Frame 1276
	Current event List (0 events) (past 0)
Frame 1277
	Current event List (0 events) (past 0)
Frame 1278
	Current event List (0 events) (past 0)
Frame 1279
	Current event List (0 events) (past 0)
Frame 1280
	Current event List (0 events) (past 0)
Frame 1281
	Current event List (0 events) (past 0)
Frame 1282
	Current event List (0 events) (past 0)
Frame 1283
	Current event List (0 events) (past 0)
Frame 1284
	Current event List (0 events) (past 0)
Frame 1285
	Current event List (0 events) (past 0)
Frame 1286
	Current event List (0 events) (past 0)
Frame 1287
	Current event List (0 events) (past 0)
Frame 1288
	Current event List (0 events) (past 0)
Frame 1289
	Current event List (0 events) (past 0)
Frame 1290
	Current event List (0 events) (past 0)
Frame 1291
	Current event List (0 events) (past 0)
Frame 1292
	Current event List (0 events) (past 0)
Frame 1293
	Current event List (0 events) (past 0)
Frame 1294
	Current event List (0 events) (past 0)
Frame 1295
	Current event List (0 events) (past 0)
Frame 1296
	Current event List (0 events) (past 0)
Frame 1297
	Current event List (0 events) (past 0)
Frame 1298
	Current event List (0 events) (past 0)
Frame 1299
	Current event List (0 events) (past 0)
Frame 1300
	Current event List (0 events) (past 0)
Frame 1301
	Current event List (0 events) (past 0)
Frame 1302
	Current event List (0 events) (past 0)
Frame 1303
	Current event List (0 events) (past 0)
Frame 1304
	Current event List (0 events) (past 0)
Frame 1305
	Current event List (0 events) (past 0)
Frame 1306
	Current event List (0 events) (past 0)
Frame 1307
	Current event List (0 events) (past 0)
Frame 1308
	Current event List (0 events) (past 0)
Frame 1309
	Current event List (0 events) (past 0)
Frame 1310
	Current event List (0 events) (past 0)
Frame 1311
	Current event List (0 events) (past 0)
Frame 1312
	Current event List (0 events) (past 0)
Frame 1313
	Current event List (0 events) (past 0)
Frame 1314
	Current event List (0 events) (past 0)
Frame 1315
	Current event List (0 events) (past 0)
Frame 1316
	Current event List (0 events) (past 0)
Frame 1317
	Current event List (0 events) (past 0)
Frame 1318
	Current event List (0 events) (past 0)
Frame 1319
	Current event List (0 events) (past 0)
Frame 1320
	Current event List (0 events) (past 0)
Frame 1321
	Current event List (0 events) (past 0)
Frame 1322
	Current event List (0 events) (past 0)
Frame 1323
	Current event List (0 events) (past 0)
Frame 1324
	Current event List (0 events) (past 0)
Frame 1325
	Current event List (0 events) (past 0)
Frame 1326
	Current event List (0 events) (past 0)
Frame 1327
	Current event List (0 events) (past 0)
Frame 1328
	Current event List (0 events) (past 0)
Frame 1329
	Current event List (0 events) (past 0)
Frame 1330
	Current event List (0 events) (past 0)
Frame 1331
	Current event List (0 events) (past 0)
Frame 1332
	Current event List (0 events) (past 0)
Frame 1333
	Current event List (0 events) (past 0)
Frame 1334
	Current event List (0 events) (past 0)
Frame 1335
	Current event List (0 events) (past 0)
Frame 1336
	Current event List (0 events) (past 0)
Frame 1337
	Current event List (0 events) (past 0)
Frame 1338
	Current event List (0 events) (past 0)
Frame 1339
	Current event List (0 events) (past 0)
